# JRE version: Java(TM) SE Runtime Environment (8.0_102-b14) (build 1.8.0_102-b14)
# Java VM: Java HotSpot(TM) 64-Bit Server VM (25.102-b14 mixed mode bsd-amd64 compressed oops)
Heap:
 PSYoungGen      total 316416K, used 307944K [0x00000007aab00000, 0x00000007c0000000, 0x00000007c0000000)
  eden space 296448K, 99% used [0x00000007aab00000,0x00000007bcae3a18,0x00000007bcc80000)
  from space 19968K, 65% used [0x00000007bcc80000,0x00000007bd9565f0,0x00000007be000000)
  to   space 19968K, 0% used [0x00000007bec80000,0x00000007bec80000,0x00000007c0000000)
 ParOldGen       total 94720K, used 25269K [0x0000000780000000, 0x0000000785c80000, 0x00000007aab00000)
  object space 94720K, 26% used [0x0000000780000000,0x00000007818ad5b8,0x0000000785c80000)
 Metaspace       used 50165K, capacity 50918K, committed 51240K, reserved 1093632K
  class space    used 6653K, capacity 6884K, committed 6952K, reserved 1048576K
GC Heap History (10 events):
Event: 6.859 GC heap before
{Heap before GC invocations=7 (full 1):
 PSYoungGen      total 138240K, used 40635K [0x00000007aab00000, 0x00000007b9980000, 0x00000007c0000000)
  eden space 133120K, 26% used [0x00000007aab00000,0x00000007acdb1c28,0x00000007b2d00000)
  from space 5120K, 99% used [0x00000007b2d00000,0x00000007b31fd0b0,0x00000007b3200000)
  to   space 14848K, 0% used [0x00000007b8b00000,0x00000007b8b00000,0x00000007b9980000)
 ParOldGen       total 61440K, used 17563K [0x0000000780000000, 0x0000000783c00000, 0x00000007aab00000)
  object space 61440K, 28% used [0x0000000780000000,0x0000000781126f68,0x0000000783c00000)
 Metaspace       used 34847K, capacity 35314K, committed 35496K, reserved 1079296K
  class space    used 4816K, capacity 5016K, committed 5032K, reserved 1048576K
Event: 6.877 GC heap after
Heap after GC invocations=7 (full 1):
 PSYoungGen      total 220672K, used 10664K [0x00000007aab00000, 0x00000007b9580000, 0x00000007c0000000)
  eden space 209920K, 0% used [0x00000007aab00000,0x00000007aab00000,0x00000007b7800000)
  from space 10752K, 99% used [0x00000007b8b00000,0x00000007b956a268,0x00000007b9580000)
  to   space 14848K, 0% used [0x00000007b7880000,0x00000007b7880000,0x00000007b8700000)
 ParOldGen       total 61440K, used 17571K [0x0000000780000000, 0x0000000783c00000, 0x00000007aab00000)
  object space 61440K, 28% used [0x0000000780000000,0x0000000781128f68,0x0000000783c00000)
 Metaspace       used 34847K, capacity 35314K, committed 35496K, reserved 1079296K
  class space    used 4816K, capacity 5016K, committed 5032K, reserved 1048576K
}
Event: 6.877 GC heap before
{Heap before GC invocations=8 (full 2):
 PSYoungGen      total 220672K, used 10664K [0x00000007aab00000, 0x00000007b9580000, 0x00000007c0000000)
  eden space 209920K, 0% used [0x00000007aab00000,0x00000007aab00000,0x00000007b7800000)
  from space 10752K, 99% used [0x00000007b8b00000,0x00000007b956a268,0x00000007b9580000)
  to   space 14848K, 0% used [0x00000007b7880000,0x00000007b7880000,0x00000007b8700000)
 ParOldGen       total 61440K, used 17571K [0x0000000780000000, 0x0000000783c00000, 0x00000007aab00000)
  object space 61440K, 28% used [0x0000000780000000,0x0000000781128f68,0x0000000783c00000)
 Metaspace       used 34847K, capacity 35314K, committed 35496K, reserved 1079296K
  class space    used 4816K, capacity 5016K, committed 5032K, reserved 1048576K
Event: 6.972 GC heap after
Heap after GC invocations=8 (full 2):
 PSYoungGen      total 220672K, used 0K [0x00000007aab00000, 0x00000007b9580000, 0x00000007c0000000)
  eden space 209920K, 0% used [0x00000007aab00000,0x00000007aab00000,0x00000007b7800000)
  from space 10752K, 0% used [0x00000007b8b00000,0x00000007b8b00000,0x00000007b9580000)
  to   space 14848K, 0% used [0x00000007b7880000,0x00000007b7880000,0x00000007b8700000)
 ParOldGen       total 94720K, used 17386K [0x0000000780000000, 0x0000000785c80000, 0x00000007aab00000)
  object space 94720K, 18% used [0x0000000780000000,0x00000007810fab60,0x0000000785c80000)
 Metaspace       used 34827K, capacity 35290K, committed 35496K, reserved 1079296K
  class space    used 4809K, capacity 5008K, committed 5032K, reserved 1048576K
}
Event: 19.238 GC heap before
{Heap before GC invocations=9 (full 2):
 PSYoungGen      total 220672K, used 209920K [0x00000007aab00000, 0x00000007b9580000, 0x00000007c0000000)
  eden space 209920K, 100% used [0x00000007aab00000,0x00000007b7800000,0x00000007b7800000)
  from space 10752K, 0% used [0x00000007b8b00000,0x00000007b8b00000,0x00000007b9580000)
  to   space 14848K, 0% used [0x00000007b7880000,0x00000007b7880000,0x00000007b8700000)
 ParOldGen       total 94720K, used 17386K [0x0000000780000000, 0x0000000785c80000, 0x00000007aab00000)
  object space 94720K, 18% used [0x0000000780000000,0x00000007810fab60,0x0000000785c80000)
 Metaspace       used 38455K, capacity 38914K, committed 39208K, reserved 1083392K
  class space    used 5190K, capacity 5372K, committed 5416K, reserved 1048576K
Event: 19.273 GC heap after
Heap after GC invocations=9 (full 2):
 PSYoungGen      total 225280K, used 9751K [0x00000007aab00000, 0x00000007bf280000, 0x00000007c0000000)
  eden space 210432K, 0% used [0x00000007aab00000,0x00000007aab00000,0x00000007b7880000)
  from space 14848K, 65% used [0x00000007b7880000,0x00000007b8205ee8,0x00000007b8700000)
  to   space 14848K, 0% used [0x00000007be400000,0x00000007be400000,0x00000007bf280000)
 ParOldGen       total 94720K, used 17394K [0x0000000780000000, 0x0000000785c80000, 0x00000007aab00000)
  object space 94720K, 18% used [0x0000000780000000,0x00000007810fcb60,0x0000000785c80000)
 Metaspace       used 38455K, capacity 38914K, committed 39208K, reserved 1083392K
  class space    used 5190K, capacity 5372K, committed 5416K, reserved 1048576K
}
Event: 25.796 GC heap before
{Heap before GC invocations=10 (full 2):
 PSYoungGen      total 225280K, used 220183K [0x00000007aab00000, 0x00000007bf280000, 0x00000007c0000000)
  eden space 210432K, 100% used [0x00000007aab00000,0x00000007b7880000,0x00000007b7880000)
  from space 14848K, 65% used [0x00000007b7880000,0x00000007b8205ee8,0x00000007b8700000)
  to   space 14848K, 0% used [0x00000007be400000,0x00000007be400000,0x00000007bf280000)
 ParOldGen       total 94720K, used 17394K [0x0000000780000000, 0x0000000785c80000, 0x00000007aab00000)
  object space 94720K, 18% used [0x0000000780000000,0x00000007810fcb60,0x0000000785c80000)
 Metaspace       used 46900K, capacity 47502K, committed 47912K, reserved 1091584K
  class space    used 6386K, capacity 6572K, committed 6696K, reserved 1048576K
Event: 25.831 GC heap after
Heap after GC invocations=10 (full 2):
 PSYoungGen      total 311296K, used 14826K [0x00000007aab00000, 0x00000007bf380000, 0x00000007c0000000)
  eden space 296448K, 0% used [0x00000007aab00000,0x00000007aab00000,0x00000007bcc80000)
  from space 14848K, 99% used [0x00000007be400000,0x00000007bf27aa40,0x00000007bf280000)
  to   space 19968K, 0% used [0x00000007bcc80000,0x00000007bcc80000,0x00000007be000000)
 ParOldGen       total 94720K, used 25261K [0x0000000780000000, 0x0000000785c80000, 0x00000007aab00000)
  object space 94720K, 26% used [0x0000000780000000,0x00000007818ab5b8,0x0000000785c80000)
 Metaspace       used 46900K, capacity 47502K, committed 47912K, reserved 1091584K
  class space    used 6386K, capacity 6572K, committed 6696K, reserved 1048576K
}
Event: 42.933 GC heap before
{Heap before GC invocations=11 (full 2):
 PSYoungGen      total 311296K, used 311274K [0x00000007aab00000, 0x00000007bf380000, 0x00000007c0000000)
  eden space 296448K, 100% used [0x00000007aab00000,0x00000007bcc80000,0x00000007bcc80000)
  from space 14848K, 99% used [0x00000007be400000,0x00000007bf27aa40,0x00000007bf280000)
  to   space 19968K, 0% used [0x00000007bcc80000,0x00000007bcc80000,0x00000007be000000)
 ParOldGen       total 94720K, used 25261K [0x0000000780000000, 0x0000000785c80000, 0x00000007aab00000)
  object space 94720K, 26% used [0x0000000780000000,0x00000007818ab5b8,0x0000000785c80000)
 Metaspace       used 47817K, capacity 48474K, committed 48936K, reserved 1091584K
  class space    used 6404K, capacity 6638K, committed 6696K, reserved 1048576K
Event: 42.963 GC heap after
Heap after GC invocations=11 (full 2):
 PSYoungGen      total 316416K, used 13145K [0x00000007aab00000, 0x00000007c0000000, 0x00000007c0000000)
  eden space 296448K, 0% used [0x00000007aab00000,0x00000007aab00000,0x00000007bcc80000)
  from space 19968K, 65% used [0x00000007bcc80000,0x00000007bd9565f0,0x00000007be000000)
  to   space 19968K, 0% used [0x00000007bec80000,0x00000007bec80000,0x00000007c0000000)
 ParOldGen       total 94720K, used 25269K [0x0000000780000000, 0x0000000785c80000, 0x00000007aab00000)
  object space 94720K, 26% used [0x0000000780000000,0x00000007818ad5b8,0x0000000785c80000)
 Metaspace       used 47817K, capacity 48474K, committed 48936K, reserved 1091584K
  class space    used 6404K, capacity 6638K, committed 6696K, reserved 1048576K
}

